# JRE version: 7.0_25-b30
# Java VM: OpenJDK 64-Bit Server VM (23.7-b01 mixed mode linux-amd64 compressed oops)
Heap
 PSYoungGen      total 209088K, used 108465K [0x00000000e0000000, 0x00000000eec10000, 0x0000000100000000)
  eden space 186624K, 47% used [0x00000000e0000000,0x00000000e571edc8,0x00000000eb640000)
  from space 22464K, 85% used [0x00000000ecf80000,0x00000000ee24d980,0x00000000ee570000)
  to   space 25856K, 0% used [0x00000000eb640000,0x00000000eb640000,0x00000000ecf80000)
 ParOldGen       total 349568K, used 176497K [0x00000000a0000000, 0x00000000b5560000, 0x00000000e0000000)
  object space 349568K, 50% used [0x00000000a0000000,0x00000000aac5c748,0x00000000b5560000)
 PSPermGen       total 125888K, used 125872K [0x0000000080000000, 0x0000000087af0000, 0x00000000a0000000)
  object space 125888K, 99% used [0x0000000080000000,0x0000000087aec538,0x0000000087af0000)
GC Heap History (10 events):
Event: 1782.285 GC heap before
{Heap before GC invocations=54 (full 0):
 PSYoungGen      total 166784K, used 159648K [0x00000000e0000000, 0x00000000eaaa0000, 0x0000000100000000)
  eden space 159424K, 100% used [0x00000000e0000000,0x00000000e9bb0000,0x00000000e9bb0000)
  from space 7360K, 3% used [0x00000000e9bb0000,0x00000000e9be8000,0x00000000ea2e0000)
  to   space 6784K, 0% used [0x00000000ea400000,0x00000000ea400000,0x00000000eaaa0000)
 ParOldGen       total 349568K, used 129717K [0x00000000a0000000, 0x00000000b5560000, 0x00000000e0000000)
  object space 349568K, 37% used [0x00000000a0000000,0x00000000a7ead4c0,0x00000000b5560000)
 PSPermGen       total 106304K, used 106263K [0x0000000080000000, 0x00000000867d0000, 0x00000000a0000000)
  object space 106304K, 99% used [0x0000000080000000,0x00000000867c5c80,0x00000000867d0000)
Event: 1782.299 GC heap after
Heap after GC invocations=54 (full 0):
 PSYoungGen      total 167424K, used 3072K [0x00000000e0000000, 0x00000000eaaa0000, 0x0000000100000000)
  eden space 160640K, 0% used [0x00000000e0000000,0x00000000e0000000,0x00000000e9ce0000)
  from space 6784K, 45% used [0x00000000ea400000,0x00000000ea700050,0x00000000eaaa0000)
  to   space 7040K, 0% used [0x00000000e9ce0000,0x00000000e9ce0000,0x00000000ea3c0000)
 ParOldGen       total 349568K, used 129885K [0x00000000a0000000, 0x00000000b5560000, 0x00000000e0000000)
  object space 349568K, 37% used [0x00000000a0000000,0x00000000a7ed74c0,0x00000000b5560000)
 PSPermGen       total 106304K, used 106263K [0x0000000080000000, 0x00000000867d0000, 0x00000000a0000000)
  object space 106304K, 99% used [0x0000000080000000,0x00000000867c5c80,0x00000000867d0000)
}
Event: 1782.827 GC heap before
{Heap before GC invocations=55 (full 0):
 PSYoungGen      total 167424K, used 163712K [0x00000000e0000000, 0x00000000eaaa0000, 0x0000000100000000)
  eden space 160640K, 100% used [0x00000000e0000000,0x00000000e9ce0000,0x00000000e9ce0000)
  from space 6784K, 45% used [0x00000000ea400000,0x00000000ea700050,0x00000000eaaa0000)
  to   space 7040K, 0% used [0x00000000e9ce0000,0x00000000e9ce0000,0x00000000ea3c0000)
 ParOldGen       total 349568K, used 129885K [0x00000000a0000000, 0x00000000b5560000, 0x00000000e0000000)
  object space 349568K, 37% used [0x00000000a0000000,0x00000000a7ed74c0,0x00000000b5560000)
 PSPermGen       total 106304K, used 106270K [0x0000000080000000, 0x00000000867d0000, 0x00000000a0000000)
  object space 106304K, 99% used [0x0000000080000000,0x00000000867c7838,0x00000000867d0000)
Event: 1782.843 GC heap after
Heap after GC invocations=55 (full 0):
 PSYoungGen      total 165504K, used 4864K [0x00000000e0000000, 0x00000000eaaa0000, 0x0000000100000000)
  eden space 160640K, 0% used [0x00000000e0000000,0x00000000e0000000,0x00000000e9ce0000)
  from space 4864K, 100% used [0x00000000e9ce0000,0x00000000ea1a0000,0x00000000ea1a0000)
  to   space 7936K, 0% used [0x00000000ea2e0000,0x00000000ea2e0000,0x00000000eaaa0000)
 ParOldGen       total 349568K, used 131967K [0x00000000a0000000, 0x00000000b5560000, 0x00000000e0000000)
  object space 349568K, 37% used [0x00000000a0000000,0x00000000a80dfc50,0x00000000b5560000)
 PSPermGen       total 106304K, used 106270K [0x0000000080000000, 0x00000000867d0000, 0x00000000a0000000)
  object space 106304K, 99% used [0x0000000080000000,0x00000000867c7838,0x00000000867d0000)
}
Event: 1783.431 GC heap before
{Heap before GC invocations=56 (full 0):
 PSYoungGen      total 165504K, used 165504K [0x00000000e0000000, 0x00000000eaaa0000, 0x0000000100000000)
  eden space 160640K, 100% used [0x00000000e0000000,0x00000000e9ce0000,0x00000000e9ce0000)
  from space 4864K, 100% used [0x00000000e9ce0000,0x00000000ea1a0000,0x00000000ea1a0000)
  to   space 7936K, 0% used [0x00000000ea2e0000,0x00000000ea2e0000,0x00000000eaaa0000)
 ParOldGen       total 349568K, used 131967K [0x00000000a0000000, 0x00000000b5560000, 0x00000000e0000000)
  object space 349568K, 37% used [0x00000000a0000000,0x00000000a80dfc50,0x00000000b5560000)
 PSPermGen       total 108224K, used 108121K [0x0000000080000000, 0x00000000869b0000, 0x00000000a0000000)
  object space 108224K, 99% used [0x0000000080000000,0x0000000086996450,0x00000000869b0000)
Event: 1783.450 GC heap after
Heap after GC invocations=56 (full 0):
 PSYoungGen      total 166272K, used 4489K [0x00000000e0000000, 0x00000000ece60000, 0x0000000100000000)
  eden space 158336K, 0% used [0x00000000e0000000,0x00000000e0000000,0x00000000e9aa0000)
  from space 7936K, 56% used [0x00000000ea2e0000,0x00000000ea742458,0x00000000eaaa0000)
  to   space 8448K, 0% used [0x00000000e9aa0000,0x00000000e9aa0000,0x00000000ea2e0000)
 ParOldGen       total 349568K, used 135600K [0x00000000a0000000, 0x00000000b5560000, 0x00000000e0000000)
  object space 349568K, 38% used [0x00000000a0000000,0x00000000a846c2c0,0x00000000b5560000)
 PSPermGen       total 108224K, used 108121K [0x0000000080000000, 0x00000000869b0000, 0x00000000a0000000)
  object space 108224K, 99% used [0x0000000080000000,0x0000000086996450,0x00000000869b0000)
}
Event: 1788.724 GC heap before
{Heap before GC invocations=57 (full 0):
 PSYoungGen      total 166272K, used 162825K [0x00000000e0000000, 0x00000000ece60000, 0x0000000100000000)
  eden space 158336K, 100% used [0x00000000e0000000,0x00000000e9aa0000,0x00000000e9aa0000)
  from space 7936K, 56% used [0x00000000ea2e0000,0x00000000ea742458,0x00000000eaaa0000)
  to   space 8448K, 0% used [0x00000000e9aa0000,0x00000000e9aa0000,0x00000000ea2e0000)
 ParOldGen       total 349568K, used 135600K [0x00000000a0000000, 0x00000000b5560000, 0x00000000e0000000)
  object space 349568K, 38% used [0x00000000a0000000,0x00000000a846c2c0,0x00000000b5560000)
 PSPermGen       total 115712K, used 115548K [0x0000000080000000, 0x0000000087100000, 0x00000000a0000000)
  object space 115712K, 99% used [0x0000000080000000,0x00000000870d72f8,0x0000000087100000)
Event: 1788.808 GC heap after
Heap after GC invocations=57 (full 0):
 PSYoungGen      total 166784K, used 8416K [0x00000000e0000000, 0x00000000ee570000, 0x0000000100000000)
  eden space 158336K, 0% used [0x00000000e0000000,0x00000000e0000000,0x00000000e9aa0000)
  from space 8448K, 99% used [0x00000000e9aa0000,0x00000000ea2d8070,0x00000000ea2e0000)
  to   space 22464K, 0% used [0x00000000ecf80000,0x00000000ecf80000,0x00000000ee570000)
 ParOldGen       total 349568K, used 168532K [0x00000000a0000000, 0x00000000b5560000, 0x00000000e0000000)
  object space 349568K, 48% used [0x00000000a0000000,0x00000000aa495010,0x00000000b5560000)
 PSPermGen       total 115712K, used 115548K [0x0000000080000000, 0x0000000087100000, 0x00000000a0000000)
  object space 115712K, 99% used [0x0000000080000000,0x00000000870d72f8,0x0000000087100000)
}
Event: 1792.557 GC heap before
{Heap before GC invocations=58 (full 0):
 PSYoungGen      total 166784K, used 166752K [0x00000000e0000000, 0x00000000ee570000, 0x0000000100000000)
  eden space 158336K, 100% used [0x00000000e0000000,0x00000000e9aa0000,0x00000000e9aa0000)
  from space 8448K, 99% used [0x00000000e9aa0000,0x00000000ea2d8070,0x00000000ea2e0000)
  to   space 22464K, 0% used [0x00000000ecf80000,0x00000000ecf80000,0x00000000ee570000)
 ParOldGen       total 349568K, used 168532K [0x00000000a0000000, 0x00000000b5560000, 0x00000000e0000000)
  object space 349568K, 48% used [0x00000000a0000000,0x00000000aa495010,0x00000000b5560000)
 PSPermGen       total 115904K, used 115861K [0x0000000080000000, 0x0000000087130000, 0x00000000a0000000)
  object space 115904K, 99% used [0x0000000080000000,0x0000000087125760,0x0000000087130000)
Event: 1792.629 GC heap after
Heap after GC invocations=58 (full 0):
 PSYoungGen      total 209088K, used 19254K [0x00000000e0000000, 0x00000000eec10000, 0x0000000100000000)
  eden space 186624K, 0% used [0x00000000e0000000,0x00000000e0000000,0x00000000eb640000)
  from space 22464K, 85% used [0x00000000ecf80000,0x00000000ee24d980,0x00000000ee570000)
  to   space 25856K, 0% used [0x00000000eb640000,0x00000000eb640000,0x00000000ecf80000)
 ParOldGen       total 349568K, used 176497K [0x00000000a0000000, 0x00000000b5560000, 0x00000000e0000000)
  object space 349568K, 50% used [0x00000000a0000000,0x00000000aac5c748,0x00000000b5560000)
 PSPermGen       total 115904K, used 115861K [0x0000000080000000, 0x0000000087130000, 0x00000000a0000000)
  object space 115904K, 99% used [0x0000000080000000,0x0000000087125760,0x0000000087130000)
}

